  261  kubectl describe svc
  262  kubectl run -i --tty busybox --image=busybox --restart=Never -- sh
  263  kubectl expose deployment nginx --type NodePort --port 80
  264  minikube service nginx
  265  minikube service list
  266  minikube deployment list
  267  minikube pod list
  268  minikube service list
  269  kubectl delete service nginx
  270  kubectl delete deployment nginx
  271  kubectl apply -f manifests/registry.yaml
  272  kubectl rollout status deployments/registry
  273  ls
  274  cd manifests/
  275  ls
  276  vi registry.yaml 
  277  cd ..
  278  ls
  279  minikube service registry-ui
  280  vi applications/hello-kenzan/index.html
  281  docker build -t 127.0.0.1:30400/hello-kenzan:latest -f applications/hello-kenzan/Dockerfile applications/hello-kenzan
  282  sudo -i docker build -t 127.0.0.1:30400/hello-kenzan:latest -f applications/hello-kenzan/Dockerfile applications/hello-kenzan
  283  ls
  284  cd applications/
  285  ls
  286  cd hello-kenzan/
  287  ls
  288  cd ..
  289  cd ..
  290  ls
  291  docker build -t 127.0.0.1:30400/hello-kenzan:latest -f applications/hello-kenzan/Dockerfile applications/hello-kenzan
  292  sudo -i docker build -t 127.0.0.1:30400/hello-kenzan:latest -f applications/hello-kenzan/Dockerfile applications/hello-kenzan
  293  sudo -i docker build -t 127.0.0.1:30400/hello-kenzan:latest -f ./applications/hello-kenzan/Dockerfile applications/hello-kenzan
  294  sudo -i docker build -t 127.0.0.1:30400/hello-kenzan:latest -f ./applications/hello-kenzan/Dockerfile ./applications/hello-kenzan
  295  sudo -i docker build -t 127.0.0.1:30400/hello-kenzan:latest -f /home/david/kubernetes-ci-cd/applications/hello-kenzan/Dockerfile /home/david/kubernetes-ci-cd/applications/hello-kenzan
  296  sudo -i docker build -t socat-registry -f /home/david/kubernetes-ci-cd/applications/socat/Dockerfile /home/david/kubernetes-ci-cd/applications/socat
  297  docker stop socat-registry
  298  sudo -i docker stop socat-registry
  299  sudo -i docker build -t socat-registry -f /home/david/kubernetes-ci-cd/applications/socat/Dockerfile /home/david/kubernetes-ci-cd/applications/socatdocker stop socat-registry:latest
  300  sudo -i docker stop
  301  sudo -i docker stop socat-registry
  302  sudo -i docker stop socat-registry:latest
  303  sudo -i docker stop dc1e3f63
  304  sudo -i docker run -d -e "REG_IP=`minikube ip`" -e "REG_PORT=30400" --name socat-registry -p 30400:5000 socat-registry
  305  sudo -i docker push 127.0.0.1:30400/hello-kenzan:latest
  306  sudo -i docker stop socat-registry
  307  kubectl apply -f applications/hello-kenzan/k8s/manual-deployment.yaml
  308  minikube service hello-kenzan
  309  jubectl delete service hello-kenzan
  310  kubectl delete service hello-kenzan
  311  kubectl delete deployment hello-kenzan
  312  minikube stop
  313  minikube start
  314  kubectl cluster-info
  315  sudo -i docker build -t 127.0.0.1:30400/jenkins:latest -f applications/jenkins/Dockerfile application/jenkins
  316  helm repo add application https://kubernetes-charts.storage.googleapis.com/
  317  sudo -i docker build -t 127.0.0.1:30400/jenkins:latest -f applications/jenkins/Dockerfile application/jenkins
  318  helm install my-jenkins application/jenkins
  319  printf $(kubectl get secret --namespace default my-jenkins -o jsonpath="{.data.jenkins-admin-password}" | base64 --decode);echo
  320  export POD_NAME=$(kubectl get pods --namespace default -l "app.kubernetes.io/component=jenkins-master" -l "app.kubernetes.io/instance=my-jenkins" -o jsonpath="{.items[0].metadata.name}")
  321  echo http://127.0.0.1:8080
  322  kubectl --namespace default port-forward $POD_NAME 8081:8080
  323  minikube service registry-ui
  324  docker stop socat-registry
  325  sudo -i docker stop socat-registry
  326  kubectl apply -f manifests/jenkins.yaml
  327  kubectl rollout status deployment/jenkins
  328  kubectl apply -f manifests/jenkins.yaml
  329  kubectl rollout status deployment/jenkins
  330  sudo -i docker stop socat-registry
  331  sudo -i docker stop socat-registry
  332  sudo -i docker stop socat-registry
  333  kubectl get pods
  334  minikube service jenkins
  335  minikube service jenkins
  336  kubectl get pods
  337  kubectl get deployments --all-namespaces
  338  kubectl delete deployment jenkins
  339  kubectl get deployments --all-namespaces
  340  kubectl delete deployment my-jenkins
  341  kubectl get deployments --all-namespaces
  342  kubectl cluster-info
  343  kubectl get pods --all-namespaces
  344  sudo -i docker build -t 127.0.0.1:30400/jenkins:latest -f applications/jenkins/Dockerfile applications/jenkins
  345  helm repo add applications https://kubernetes-charts.storage.googleapis.com/
  346  sudo -i docker build -t 127.0.0.1:30400/jenkins:latest -f applications/jenkins/Dockerfile applications/jenkins
  347  kubectl cluster-info
  348  kubectl get pods --all-namespaces
  349  helm repo add stable https://kubernetes-charts.storage.googleapis.com
  350  sudo -i docker build -t 127.0.0.1:30400/jenkins:latest -f stable/jenkins/DOckerfile stable/jenkins
  351  helm install my-jenkins stable/jenkins
  352  helm install cicd-jenkins stable/jenkins
  353  printf $(kubectl get secret --namespace default cicd-jenkins -o jsonpath="{.data.jenkins-admin-password}" | base64 --decode);echo
  354  export POD_NAME=$(kubectl get pods --namespace default -l "app.kubernetes.io/component=jenkins-master" -l "app.kubernetes.io/instance=cicd-jenkins" -o jsonpath="{.items[0].metadata.name}")
  355  kubectl --namespace default port-forward $POD_NAME 8081:8080
  356  kubectl get pods --all-namespaces
  357  docker images
  358  sudo -i docker images
  359  lsof -i :30400
  360  docker stop socat-registry
  361  sudo -i docker stop socat-registry
  362  sudo -i docker rm socat-registry
  363  docker run -d -e "REG_IP=`minikube ip`" -e "REG_PORT=30400" --name socat-registry -p 30400:5000 socat-registry
  364  sudo -i docker run -d -e "REG_IP=`minikube ip`" -e "REG_PORT=30400" --name socat-registry -p 30400:5000 socat-registry
  365  sudo -i docker push 127.0.0.1:30400/jenkins:latest
  366  sudo -i docker push 127.0.0.1:30400/jenkins
  367  sudo -i docker push 127.0.0.1:30400/cicd-jenkins
  368  docker image
  369  docker image ls
  370  sudo -i docker image ls
  371  sudo -i docker push 127.0.0.1:30400/cicd-jenkins
  372  docker build -t 127.0.0.1:30400/jenkins:latest -f applications/jenkins/Dockerfile applications/jenkins
  373  sudo -i docker build -t 127.0.0.1:30400/jenkins:latest -f applications/jenkins/Dockerfile applications/jenkins
  374  sudo -i docker build -t 127.0.0.1:30400/jenkins:latest -f applications/jenkins/Dockerfile stable/jenkins
  375  sudo -i docker build -t 127.0.0.1:30400/jenkins:latest -f applications/jenkins/Dockerfile stable/cicd-jenkins
  376  sudo -i docker build -t 127.0.0.1:30400/jenkins:latest -f applications/jenkins/Dockerfile cicd-jenkins
  377  helm repo add applications https://kubernetes-charts.storage.googleapis.com
  378  sudo -i docker build -t 127.0.0.1:30400/jenkins:latest -f applications/jenkins/Dockerfile applications/jenkins
  379  sudo -i docker build -t 127.0.0.1:30400/jenkins:latest -f stable/jenkins/DOckerfile stable/jenkins
  380  sudo -i docker build -t 127.0.0.1:30400/jenkins:latest -f stable/jenkins/Dockerfile stable/jenkins
  381  sudo -i docker build -t 127.0.0.1:30400/jenkins:latest -f applications/jenkins/Dockerfile cicd-jenkins
  382  helm repo add applications https://kubernetes-charts.storage.googleapis.com
  383  docker image ls
  384  sudo -i docker image ls
  385  minikube start
  386  minikube kubectl -- get pods
  387  kubectl delete busybox
  388  kubectl ls
  389  kubectl -- get deployments
  390  kubectl -- get deployment
  391  kubectl cluster-info
  392  kubectl get pods --all-namespaces
  393  4
  394  minikube service registry-ui
  395  sudo -i docker build -t 127.0.0.1:30400/jenkins:latest
  396  docker build -t 127.0.0.1:30400/jenkins:latest -f applications/jenkins/Dockerfile applications/jenkins
  397  sudo -i docker build -t 127.0.0.1:30400/jenkins:latest -f applications/jenkins/Dockerfile applications/jenkins
  398  helm install cicd stable/jenkins
  399  sudo -i docker build -t 127.0.0.1:30400/jenkins:latest -f stable/jenkins/Dockerfile stable/jenkins
  400  ls
  401  sudo -i docker build -t 127.0.0.1:30400/jenkins:latest -f /home/david/kubernetes-ci-cd/jenkins/Dockerfile /home/david/kubernetes-ci-cd/jenkins
  402  cd jenkins
  403  sudo -i docker build -t 127.0.0.1:30400/jenkins:latest -f /home/david/kubernetes-ci-cd/applications/jenkins/Dockerfile /home/david/kubernetes-ci-cd/applications/jenkins
  404  sudo -i docker run -d -e "REG_IP=`minikube ip`" -e "REG_PORT=30400" 
  405  sudo -i docker run -d -e "REG_IP=`minikube ip`" -e "REG_PORT=30400" --name socat-registry -p 30400:5000 socat-registry
  406  sudo -i docker push 127.0.0.1:30400/jenkins:latest
  407  minikube service registry-ui
  408  docker stop socat-registry
  409  sudo -i docker stop socat-registry
  410  kubectl apply -f /home/david/kubernetes-ci-cd/manifests/jenkins.yaml
  411  kubectl rollout status /home/david/kubernetes-ci-cd/deployment/jenkins
  412  kubectl rollout status deployment/jenkins
  413  kubectl get pods
  414  kubectl exec -it `kubectl get pods --selector=app=jenkins --output=jsonpath={.items..metadata.name}` cat /var/jenkins_home/secrets/initialAdminPassword
  415  cd /var/jenkins_home
  416  cd /var
  417  ls
  418  cd /home/david/kubernetes-ci-cd/
  419  kubectl exec -it `kubectl get pods --selector=app=jenkins --output=jsonpath={.items..metadata.name}`
  420  cd var
  421  cd /var
  422  mkdir jenkins_home
  423  sudo -i mkdir jenkins_home
  424  cd jenk
  425  cd jenkins_home
  426  sudo -i mkdir jenkins_home
  427  rm jenkins_home
  428  ls
  429  kubectl exec -it `kubectl get pods --selector=app=jenkins 
  430  kubectl exec -it `kubectl get pods --selector=app=jenkins --output=jsonpath={.items..metadata.name}` cat /var/jenkins_home/secrets/initialAdminPassword
  431  kubectl exec -it `kubectl get pods --selector=app=jenkins --output=jsonpath={.items..metadata.name}` cat initialAdminPassword
  432  kubectl exec -it `kubectl get pods --selector=app=jenkins --output=jsonpath={.items..metadata.name}` cat /var/jenkins_home/secrets/initialAdminPassword
  433  cd /var/jenkins_home/secrets
  434  /
  435  cd ..
  436  cd ..
  437  cd ..
  438  cd find -name "initialAdminPassword"
  439  find -name "initialAdminPassword"
  440  find -name /var "initialAdminPassword"
  441  find -name "initialAdminPassword" /var
  442  cd /var
  443  find -name "initialAdminPassword"
  444  sudo -i find -name "initialAdminPassword"
  445  cd /home/david
  446  cd kubernetes-ci-cd/
  447  ls
  448  kubectl exec -it `kubectl get pods --selector=app=jenkins --output=jsonpath={.items..metadata.name}` cat testPass
  449  vi testPass
  450  kubectl exec -it `kubectl get pods --selector=app=jenkins --output=jsonpath={.items..metadata.name}` cat testPass
  451  ls
  452  kubectl exec -it `kubectl get pods --selector=app=jenkins --output=jsonpath={.items..metadata.name}` cat ./testPass
  453  kubectl exec -it `kubectl get pods --selector=app=jenkins --output=jsonpath={.items..metadata.name}` cat > testPass
  454  ls
  455  vi testPass 
  456  rm testPass
  457  kubectl exec -it `kubectl get pods --selector=app=jenkins --output=jsonpath={.items..metadata.name}` cat > testPass
  458  ls
  459  minikube service jenkins
  460  cd /var
  461  cd jenkins_home
  462  cd log
  463  cd jenkins/
  464  vi jenkins.log
  465  vi jenkins.log
  466  cd /home/david/kubernetes-ci-cd/kubectl exec -it `kubectl get pods --selector=app=jenkins 
  467  --output=jsonpath={.items..metadata.name}` cat 
  468  /var/jenkins_home/secrets/initialAdminPassword
  469  kubectl exec -it `kubectl get pods --selector=app=jenkins --output=jsonpath={.items..metadata.name}` cat /var/jenkins_home/secrets/initialAdminPassword
  470  minikube service jenkins
  471  cd /home/david
  472  cd kubernetes-ci-cd/
  473  ls
  474  cd applications/
  475  ls
  476  cd jenkins/
  477  ls
  478  vi Dockerfile 
  479  ;s
  480  ls
  481  vi plugins.txt 
  482  ls
  483  docker ps
  484  sudo -i docker ps
  485  kubectl docker
  486  kubectl get pods
  487  cd /spritebb
  488  ls
  489  grep -rn "Set" .
  490  grep -rn "set" .
  491  grep -rn "set" *.py
  492  cd /work
  493  ls
  494  ls *.py
  495  cd /scripts
  496  ls val*
  497  vi validate-sprite-names.py 
  498  python
  499  pidof firefox
  500  minikube service jenkins
  501  minikube start
  502  minikube service jenkins
  503  kubectl cluster-info
  504  kubectl get pods
  505  kubctl logs jenkins
  506  kubctl logs my-pod
  507  kubectl logs jenkins
  508  kubectl logs my-pod
  509  kubectl logs jenkins-5566cc5fdc-hks6r
  510  clear
  511  kubectl logs jenkins-5566cc5fdc-hks6r
  512  ls
  513  cd /home/david
  514  ls
  515  cd kubernetes-ci-cd/
  516  ls
  517  cd applications
  518  ls
  519  cd jenkins
  520  ls
  521  ls -l
  522  cd Dockerfile 
  523  sudo atom Dockerfile
  524  kubectl describe deployment
  525  kubectl get all
  526  clear
  527  kubectl get all
  528  kubectl delete deploy/cicd-jenkins-558464466c-svxpf
  529  kubectl delete deploy/cicd-jenkins-558464466c-svxpf
  530  kubectl delete pod/cicd-jenkins-558464466c-svxpf
  531  kubectl get all
  532  clear
  533  kubectl get all
  534  kubectl delete pod/busybox
  535  kubectl get all
  536  clear
  537  kubectl get all
  538  kubectl delete pod/pod/cicd-jenkins-558464466c-4lwqk
  539  kubectl delete pod/cicd-jenkins-558464466c-4lwqk
  540  kubectl get all
  541  kubectl describe deployments cicd-jenkins
  542  kubectl get all
  543  ls
  544  vi Dockerfile
  545  kubectl get all
  546  kubectl get all
  547  kubectl get all
  548  kubectl delete pod/pod/cicd-jenkins-558464466c-ppncj service/cicd-jenkins service/cicd-jenkins-agent
  549  kubectl delete pod/cicd-jenkins-558464466c-ppncj service/cicd-jenkins service/cicd-jenkins-agent
  550  kubectl get all
  551  kubectl get all
  552  kubectl get all
  553  kubectl delete pod/cicd-jenkins-558464466c-sg6gd
  554  kubectl get all
  555  kubectl get all
  556  kubectl delete replicaset.apps/cicd-jenkins-558464466c deployment.apps/cicd-jenkins pod/cicd-jenkins-558464466c-959t8
  557  kubectl get all
  558  kubectl delete replicaset.apps/cicd-jenkins-558464466c deployment.apps/cicd-jenkins pod/cicd-jenkins-558464466c-959t8clear
  559  clear
  560  kubectl get all
  561  kubectl delete replicaset.apps/jenkins-5566cc5fdc deployment.apps/jenkins service/jenkins pod/jenkins-5566cc5fdc-hks6r
  562  kubectl get all
  563  clear
  564  clear
  565  kubectl get all
  566  kubectl delete service/my-jenkins
  567  kubectl get all
  568  kubectl delete service/my-jenkins-agent
  569  kubectl get all
  570  clear
  571  clear
  572  kubectl get all
  573  vi Dockerfile
  574  clear
  575  sudo -i docker build -t 127.0.0.1:30400/jenkins:latest -f /home/david/kubernetes-ci-cd/applications/jenkins/Dockerfile /home/david/kubernetes-ci-cd/applications/jenkins
  576  clear
  577  vi Dockerfile
  578  clear
  579  sudo -i docker build -t 127.0.0.1:30400/jenkins:latest -f /home/david/kubernetes-ci-cd/applications/jenkins/Dockerfile /home/david/kubernetes-ci-cd/applications/jenkins
  580  vi Dockerfile
  581  clear
  582  sudo -i docker build -t 127.0.0.1:30400/jenkins:latest -f /home/david/kubernetes-ci-cd/applications/jenkins/Dockerfile /home/david/kubernetes-ci-cd/applications/jenkins
  583  ls
  584  vi Dockerfile
  585  vi Dockerfile
  586  sudo -i docker build -t 127.0.0.1:30400/jenkins:latest -f /home/david/kubernetes-ci-cd/applications/jenkins/Dockerfile /home/david/kubernetes-ci-cd/applications/jenkins
  587  docker images
  588  sudo -i docker images
  589  sudo -i docker stop socat-registry
  590  sudo -i docker rm socat-registry
  591  sudo -i docker run -d -e "REG_IP=`minikube ip`" -e "REG_PORT=30400" --name socat-registry -p 30400:5000 socat-registry
  592  sudo docker push 127.0.0.1:30400/jenkins:latest
  593  sudo -i docker push 127.0.0.1:30400/jenkins:latest
  594  minikube service registry-ui
  595  docker stop socat-registry
  596  sudo -i docker stop socat-registry
  597  kubectl apply -f manifests/jenkins.yaml
  598  kubectl apply -f /home/david/kubernetes-ci-cd/manifests/jenkins.yaml
  599  kubectl rollout status /home/david/kubernetes-ci-cd/deployment/jenkins
  600  kubectl rollout status /home/david/kubernetes-ci-cd/deployment/jenkins
  601  kubectl rollout status deployment/jenkins
  602  kubectl get pods
  603  minikube service jenkins
  604  kubectl exec -it `kubectl get pods --selector=app=jenkins --output=jsonpath={.items..metadata.name}` cat /var/jenkins_home/secrets/initialAdminPassword
  605  kubectl exec -it `kubectl get pods --selector=app=jenkins --output=jsonpath={.items..metadata.name}`
  606  kubectl exec -it `kubectl get pods --selector=app=jenkins --output=jsonpath={.items..metadata.name}` cat .
  607  kubectl exec -it `kubectl get pods --selector=app=jenkins --output=jsonpath={.items..metadata.name}` cat temp
  608  touch temp
  609  kubectl exec -it `kubectl get pods --selector=app=jenkins --output=jsonpath={.items..metadata.name}` cat temp
  610  kubectl exec -it `kubectl get pods --selector=app=jenkins --output=jsonpath={.items..metadata.name}` cat ./temp
  611  vi temp
  612  kubectl exec -it `kubectl get pods --selector=app=jenkins --output=jsonpath={.items..metadata.name}` cat /var/jenkins_home/secrets/initialAdminPassword
  613  kubectl exec -it `kubectl get pods --selector=app=jenkins --output=jsonpath={.items..metadata.name}` cat /var/
  614  kubectl exec -it `kubectl get pods --selector=app=jenkins --output=jsonpath={.items..metadata.name}` cat /var/temp
  615  cd /var/www
  616  cd html
  617  ls
  618  touch password
  619  cd /home/david/kubernetes-ci-cd/
  620  kubectl exec -it `kubectl get pods --selector=app=jenkins --output=jsonpath={.items..metadata.name}` cat /var/www/html/password
  621  cd /var/www/html/
  622  ls
  623  chmod 777 password
  624  ls
  625  vi password
  626  cd /home/david/kubernetes-ci-cd/
  627  kubectl exec -it `kubectl get pods --selector=app=jenkins --output=jsonpath={.items..metadata.name}` cat /var/www/html/password
  628  kubectl exec -it `kubectl get pods --selector=app=jenkins --output=jsonpath={.items..metadata.name}` cat /var/www/html/password
  629  kubectl exec -it `kubectl get pods --selector=app=jenkins --output=jsonpath={.items..metadata.name}` > out.txt
  630  kubectl exec -it `kubectl get pods --selector=app=jenkins --output=jsonpath={.items..metadata.name}` cat
  631  kubectl exec -it `kubectl get pods --selector=app=jenkins --output=jsonpath={.items..metadata.name}` cat > out.txt
  632  kubectl exec -it `kubectl get pods --selector=app=jenkins --output=jsonpath={.items..metadata.name}` cat /var/www/html/password
  633  cd /var/www/html
  634  ls
  635  cat password
  636  vi password
  637  cat password
  638  cd /home/david/kubernetes-ci-cd/
  639  ls
  640  kubectl exec -it `kubectl get pods --selector=app=jenkins --output=jsonpath={.items..metadata.name}` cat /var/jenkins_home/secrets/initialAdminPassword
  641  cd /var
  642  cd jenkins_home
  643  ls
  644  minikube service jenkins
  645  cd /home/david/kubernetes-ci-cd/
  646  ls
  647  kubectl exec -it `kubectl get pods --selector=app=jenkins --output=jsonpath={.items..metadata.name}` cat /var/jenkins_home/secrets/initialAdminPassword
  648  printf $(kubectl get secret --namespace jenkins jenkins -o jsonpath="{.data.jenkins-admin-password}" | base64 --decode);echo
  649  printf $(kubectl get secret --namespace jenkins jenkins -o jsonpath="{.items..metadata.name}" | base64 --decode);echo
  650  printf $(kubectl get secret --selector=app=jenkins -o jsonpath="{.items..metadata.name}" | base64 --decode);echo
  651  kubectl get pods --namespace jenkins
  652  kubectl get pods
  653  kubectl logs jenkins-deployment-5566cc5fdc-vlgb8
  654  kubectl logs jenkins-deployment-5566cc5fdc-vlgb8 --namespace jenkins
  655  kubectl logs jenkins--5566cc5fdc-vlgb8
  656  kubectl logs jenkins-5566cc5fdc-vlgb8
  657  kubectl logs jenkins-5566cc5fdc-vlgb8 > jenkins-deployment.log
  658  vi jenkins-deployment.log
  659  kubectl exec -it `kubectl get pods --selector=app=jenkins --output=jsonpath={.items..metadata.name}` cat /var/jenkins_home/secrets/initialAdminPassword
  660  kubectl exec -it `kubectl get pods --selector=app=jenkins --output=jsonpath={.items..metadata.name} cat /var/jenkins_home/secrets/initialAdminPassword`
  661  kubectl exec -it `kubectl get pods`
  662  kubectl get pods
  663  kubectl exec -it `kubectl get pods --selector=app-jenkins --output=jsonpath={.items..metadata.name}`
  664  kubectl get pod
  665  kubectl get pod
  666  kubectl get pod jenkins
  667  kubectl get pods --selector=app=jenkins
  668  kubectl get pods --selector=app=jenkins --output=jsonpath={.items..metadata.name}
  669  kubectl get pods --selector=app=jenkins --output=jsonpath={.items..metadata.name}
  670  kubectl get pods --selector=app=jenkins --output=jsonpath={.items..metadata.name}
  671  kubectl exec -it `kubectl get pods --selector=app=jenkins --output=jsonpath={.items..metadata.name} cat /var/jenkins_home/secrets/initialAdminPassword`
  672  kubectl exec -it `kubectl get pods --selector=app=jenkins --output=jsonpath={.items..metadata.name}` cat /var/jenkins_home/secrets/initialAdminPassword
  673  cd /var
  674  mkdir jenkins_home
  675  sudo -i mkdir jenkins_home
  676  cd jenkins_home
  677  ls
  678  cd jenkins_home
  679  cd .jenkins_home
  680  cd secrets
  681  cd /home/david
  682  cd kubernetes-ci-cd/
  683  ls
  684  kubectl exec -it `kubectl get pods --selector=app=jenkins --output=jsonpath={.items..metadata.name}` cat /var/jenkins_home/secrets/initialAdminPassword
  685  kubectl exec `kubectl get pods --selector=app=jenkins --output=jsonpath={.items..metadata.name}` cat /var/jenkins_home/secrets/initialAdminPassword
  686  kubectl exec `kubectl get pods --selector=app=jenkins --output=jsonpath={.items..metadata.name}` -- cat /var/jenkins_home/secrets/initialAdminPassword
  687  kubectl exec `kubectl get pods --selector=app=jenkins --output=jsonpath={.items..metadata.name}`
  688  kubectl exec `kubectl get pods --selector=app=jenkins --output=jsonpath={.items..metadata.name}` ls /var/
  689  kubectl exec `kubectl get pods --selector=app=jenkins --output=jsonpath={.items..metadata.name}` ls /var/jenkins_home
  690  kubectl exec `kubectl get pods --selector=app=jenkins --output=jsonpath={.items..metadata.name}` ls /var/jenkins_home/secrets
  691  kubectl exec `kubectl get pods --selector=app=jenkins --output=jsonpath={.items..metadata.name}` ls /var; ls /var
  692  kubectl exec `kubectl get pods --selector=app=jenkins --output=jsonpath={.items..metadata.name}` cd /var; ls
  693  kubectl exec `kubectl get pods --selector=app=jenkins --output=jsonpath={.items..metadata.name}` ls /var
  694  clear
  695  kubectl exec `kubectl get pods --selector=app=jenkins --output=jsonpath={.items..metadata.name}` ls /var
  696  kubectl exec `kubectl get pods --selector=app=jenkins --output=jsonpath={.items..metadata.name}` ls
  697  kubectl exec `kubectl get pods --selector=app=jenkins --output=jsonpath={.items..metadata.name}` find . -name "initialAdminPassword"
  698  kubectl exec `kubectl get pods --selector=app=jenkins --output=jsonpath={.items..metadata.name}` ls
  699  kubectl exec `kubectl get pods --selector=app=jenkins --output=jsonpath={.items..metadata.name}` find . "initial"
  700  kubectl exec `kubectl get pods --selector=app=jenkins --output=jsonpath={.items..metadata.name}` find . "initialAdmin*"
  701  kubectl exec `kubectl get pods --selector=app=jenkins --output=jsonpath={.items..metadata.name}` find . -name "initialAdmin*"
  702  kubectl exec `kubectl get pods --selector=app=jenkins --output=jsonpath={.items..metadata.name}` -- find . -name "initialAdmin*"
  703  kubectl exec `kubectl get pods --selector=app=jenkins --output=jsonpath={.items..metadata.name}` -- sudo -i find . -name "initialAdmin*"
  704  kubectl exec `kubectl get pods --selector=app=jenkins --output=jsonpath={.items..metadata.name}` -- find . -name "initialAdmin*"
  705  kubectl exec `kubectl get pods --selector=app=jenkins --output=jsonpath={.items..metadata.name}` -- find . -name "the"
  706  kubectl exec `kubectl get pods --selector=app=jenkins --output=jsonpath={.items..metadata.name}` ls /var/jenkins_home
  707  kubectl exec `kubectl get pods --selector=app=jenkins --output=jsonpath={.items..metadata.name}` -- find . -name "plugins.txt"
  708  kubectl exec `kubectl get pods --selector=app=jenkins --output=jsonpath={.items..metadata.name}` -- find . -name "plugins*"
  709  kubectl exec `kubectl get pods --selector=app=jenkins --output=jsonpath={.items..metadata.name}` -- find . -name "*asswor*"
  710  kubectl exec `kubectl get pods --selector=app=jenkins --output=jsonpath={.items..metadata.name}` -- find . -name "*minPasswor*"
  711  kubectl exec `kubectl get pods --selector=app=jenkins --output=jsonpath={.items..metadata.name}` ls /var
  712  kubectl exec `kubectl get pods --selector=app=jenkins --output=jsonpath={.items..metadata.name}` ls /var/jenkins_home/
  713  kubectl exec `kubectl get pods --selector=app=jenkins --output=jsonpath={.items..metadata.name}` ls /var/jenkins_home/users
  714  kubectl exec `kubectl get pods --selector=app=jenkins --output=jsonpath={.items..metadata.name}` ls /var/jenkins_home/users/admin_5556059201662282252
  715  kubectl exec `kubectl get pods --selector=app=jenkins --output=jsonpath={.items..metadata.name}` cat /var/jenkins_home/users/admin_5556059201662282252/config.xml
  716  kubectl exec `kubectl get pods --selector=app=jenkins --output=jsonpath={.items..metadata.name}` cat /var/jenkins_home/users/admin_5556059201662282252/config.xml
  717  kubectl exec `kubectl get pods --selector=app=jenkins --output=jsonpath={.items..metadata.name}` cat /var/jenkins_home/users/admin_5556059201662282252/config.xml
  718  kubectl exec `kubectl get pods --selector=app=jenkins --output=jsonpath={.items..metadata.name}` cat /var/jenkins_home/users/admin_5556059201662282252/config.xml
  719* kubectl exec `kubectl get pods --selector=app=jenkins --output=jsonpath={.items..metadata.name}` cat /vased enkins_home/users/admin_5556059201662282252/config.xml
  720  kubectl exec `kubectl get pods --selector=app=jenkins --output=jsonpath={.items..metadata.name}` cat /var/jenkins_home/users/admin_5556059201662282252/config.xml
  721  kubectl exec `kubectl get pods --selector=app=jenkins --output=jsonpath={.items..metadata.name}` cat /var/enkins_home/users/admin_5556059201662282252/config.xml
  722  kubectl exec `kubectl get pods --selector=app=jenkins --output=jsonpath={.items..metadata.name}` cat /var/enkins_home/users/admin_5556059201662282252/config.xml
  723  kubectl exec `kubectl get pods --selector=app=jenkins --output=jsonpath={.items..metadata.name}` cat /var/jenkins_home/users/admin_5556059201662282252/config.xml
  724  kubectl exec `kubectl get pods --selector=app=jenkins --output=jsonpath={.items..metadata.name}` sed 's/$2a$10$3wJb7LnzaneNy2ruqMYFY.N.VkiHkEbod9msl8SrUeZX9oMwNE5Za/myPassword/g' /var/jenkins_home/users/admin_5556059201662282252/config.xml
  725  kubectl exec `kubectl get pods --selector=app=jenkins --output=jsonpath={.items..metadata.name}` sed 's/myPassword/$2a$10$bH/gYPHi6YQBu4InDgiJZuaSkAdPSFGoKHJkuxDiMwg2t4GjLPH9u/g' /var/jenkins_home/users/admin_5556059201662282252/config.xml
  726  kubectl exec `kubectl get pods --selector=app=jenkins --output=jsonpath={.items..metadata.name}` cat /var/jenkins_home/users/admin_5556059201662282252/config.xml
  727  kubectl exec `kubectl get pods --selector=app=jenkins --output=jsonpath={.items..metadata.name}` sed 's/$2a$10$3wJb7LnzaneNy2ruqMYFY.N.VkiHkEbod9msl8SrUeZX9oMwNE5Za/myPassword/g' /var/jenkins_home/users/admin_5556059201662282252/config.xml
  728  kubectl exec `kubectl get pods --selector=app=jenkins --output=jsonpath={.items..metadata.name}` sed 's/myPassword/$2a$10$tNqDTYOennglGFeMxrl7jeCODPKACjbAeg7FBFTipLWdVFasZ0KyS/g' /var/jenkins_home/users/admin_5556059201662282252/config.xml
  729  kubectl exec `kubectl get pods --selector=app=jenkins --output=jsonpath={.items..metadata.name}` sed 's/$2a$10$3wJb7LnzaneNy2ruqMYFY.N.VkiHkEbod9msl8SrUeZX9oMwNE5Za/myPassword/g' /var/jenkins_home/users/admin_5556059201662282252/config.xml
  730  kubectl exec `kubectl get pods --selector=app=jenkins --output=jsonpath={.items..metadata.name}` ls /var
  731  kubectl exec `kubectl get pods --selector=app=jenkins --output=jsonpath={.items..metadata.name}` cat /var/jenkins_home/users/admin_5556059201662282252/config.xml
  732  kubectl exec `kubectl get pods --selector=app=jenkins --output=jsonpath={.items..metadata.name}` sed 's/$2a$10$3wJb7LnzaneNy2ruqMYFY.N.VkiHkEbod9msl8SrUeZX9oMwNE5Za/myPassword/g' /var/jenkins_home/users/admin_5556059201662282252/config.xml
  733  kubectl exec `kubectl get pods --selector=app=jenkins --output=jsonpath={.items..metadata.name}` sed 's/$2a$10$3wJb7LnzaneNy2ruqMYFY.N.VkiHkEbod9msl8SrUeZX9oMwNE5Za/myPassword/g' /var/jenkins_home/users/admin_5556059201662282252/config.xml > /var/jenkins_home/users/admin_555605920162282252/new.xml
  734  kubectl exec `kubectl get pods --selector=app=jenkins --output=jsonpath={.items..metadata.name}` sed 's/$2a$10$3wJb7LnzaneNy2ruqMYFY.N.VkiHkEbod9msl8SrUeZX9oMwNE5Za/myPassword/g' /var/jenkins_home/users/admin_5556059201662282252/config.xml | tee /var/jenkins_home/users/admin_555605920162282252/new.xml
  735  kubectl exec `kubectl get pods --selector=app=jenkins --output=jsonpath={.items..metadata.name}` ls /var
  736  kubectl exec `kubectl get pods --selector=app=jenkins --output=jsonpath={.items..metadata.name}` ls /var/jenkins_home
  737  kubectl exec `kubectl get pods --selector=app=jenkins --output=jsonpath={.items..metadata.name}` ls /var/jenkins_home/users
  738  kubectl exec `kubectl get pods --selector=app=jenkins --output=jsonpath={.items..metadata.name}` ls /var/jenkins_home/users/admin_5556059201662282252
  739  kubectl exec `kubectl get pods --selector=app=jenkins --output=jsonpath={.items..metadata.name}` sed 's/$2a$10$3wJb7LnzaneNy2ruqMYFY.N.VkiHkEbod9msl8SrUeZX9oMwNE5Za/myPassword/g' /var/jenkins_home/users/admin_5556059201662282252/config.xml > new.xml
  740  kubectl exec `kubectl get pods --selector=app=jenkins --output=jsonpath={.items..metadata.name}` ls /var/jenkins_home/users/admin_5556059201662282252
  741  kubectl exec `kubectl get pods --selector=app=jenkins --output=jsonpath={.items..metadata.name}` ls /var/jenkins_home/users/admin_5556059201662282252
  742  kubectl exec `kubectl get pods --selector=app=jenkins --output=jsonpath={.items..metadata.name}` sed 's/$2a$10$3wJb7LnzaneNy2ruqMYFY.N.VkiHkEbod9msl8SrUeZX9oMwNE5Za/myPassword/g' /var/jenkins_home/users/admin_5556059201662282252/config.xml
  743  kubectl exec `kubectl get pods --selector=app=jenkins --output=jsonpath={.items..metadata.name}` sed 's/$2a$10$3wJb7LnzaneNy2ruqMYFY.N.VkiHkEbod9msl8SrUeZX9oMwNE5Za/myPassword/g' /var/jenkins_home/users/admin_5556059201662282252/config.xml | test.xml
  744  kubectl exec `kubectl get pods --selector=app=jenkins --output=jsonpath={.items..metadata.name}` sed 's/$2a$10$3wJb7LnzaneNy2ruqMYFY.N.VkiHkEbod9msl8SrUeZX9oMwNE5Za/myPassword/g' /var/jenkins_home/users/admin_5556059201662282252/config.xml tee test.xml
  745  kubectl exec `kubectl get pods --selector=app=jenkins --output=jsonpath={.items..metadata.name}` touch /var/jenkins_home/users/admin_5556059201662282252/test.xml
  746  kubectl exec `kubectl get pods --selector=app=jenkins --output=jsonpath={.items..metadata.name}` ls /var/jenkins_home/users/admin_5556059201662282252
  747  kubectl exec `kubectl get pods --selector=app=jenkins --output=jsonpath={.items..metadata.name}` sed 's/$2a$10$3wJb7LnzaneNy2ruqMYFY.N.VkiHkEbod9msl8SrUeZX9oMwNE5Za/myPassword/g' /var/jenkins_home/users/admin_5556059201662282252/config.xml tee test.xml
  748  kubectl exec `kubectl get pods --selector=app=jenkins --output=jsonpath={.items..metadata.name}` cat /var/jenkins_home/users/admin_5556059201662282252/config.xml
  749  kubectl exec `kubectl get pods --selector=app=jenkins --output=jsonpath={.items..metadata.name}` cat /var/jenkins_home/users/admin_5556059201662282252/test.xml
  750  kubectl exec `kubectl get pods --selector=app=jenkins --output=jsonpath={.items..metadata.name}` cat /var/jenkins_home/users/admin_5556059201662282252/config.xml
  751  kubectl get pod jenkins
  752  kubectl get all
  753  clear
  754  kubectl get all
  755  kubectl delete replicaset.apps/jenkins-5566cc5fdc
  756  kubectl delete deployment.apps/jenkins
  757  kubectl delete service/jenkins
  758  kubectl delete pod/jenkins-5566cc5fdc-vlgb8
  759  kubectl exec `kubectl get pods --selector=app=jenkins --output=jsonpath={.items..metadata.name}` cat /var/jenkins_home/users/admin_5556059201662282252/config.xml
  760  history > hist.out
